2024-03-14 01:21:21,465 - FinalPipeline - test - DEBUG - Using configs {'General': {'run_name': 'test', 'PREFIX_DB': 'test_data'}, 'Plotting': {'tick_size': 15, 'label_size': 20, 'title_size': 30, 'fig_width': 20, 'font_size': 16}, 'Metadata': {'n_blocks': 2000}, 'Aggregate': {'tx_generic_cols': {'dist': ['transaction_type', 'receipt_status'], 'stats': ['transaction_index_relative', 'value', 'gas', 'gas_price']}}, 'Heuristics': {'nafill': 'mean', 'Deposit': {'receiver_average_blocks_per_tx_threshold': 20, 'top_percentage_receiver': 0.01, 'max_transfers_deposit': 5}}, 'Clustering': {'algorithms': ['gmm', 'xmeans'], 'nafills': ['mean', '-1'], 'preprocessings': ['non-UMAP', 'UMAP']}}
2024-03-14 01:21:21,465 - FinalPipeline - test - DEBUG - Starting onetime_setup
2024-03-14 01:24:13,473 - FinalPipeline - test - DEBUG - Finished onetime_setup in 172.00789952278137 seconds
2024-03-14 01:24:14,487 - FinalPipeline - test - DEBUG - Starting populate_db
2024-03-14 01:24:14,487 - FinalPipeline - test - DEBUG - Start DB population for test
2024-03-15 22:50:20,799 - FinalPipeline - test - DEBUG - Using configs {'General': {'run_name': 'test', 'PREFIX_DB': 'test_data/test_run'}, 'Plotting': {'tick_size': 15, 'label_size': 20, 'title_size': 30, 'fig_width': 20, 'font_size': 16}, 'Metadata': {'n_blocks': 2000}, 'Aggregate': {'tx_generic_cols': {'dist': ['transaction_type', 'receipt_status'], 'stats': ['transaction_index_relative', 'value', 'gas', 'gas_price']}}, 'Heuristics': {'nafill': 'mean', 'Deposit': {'receiver_average_blocks_per_tx_threshold': 20, 'top_percentage_receiver': 0.01, 'max_transfers_deposit': 5}}, 'Clustering': {'algorithms': ['gmm', 'xmeans'], 'nafills': ['mean', '-1'], 'preprocessings': ['non-UMAP', 'UMAP']}}
2024-03-15 22:50:20,799 - FinalPipeline - test - DEBUG - Starting onetime_setup
2024-03-15 22:53:24,157 - FinalPipeline - test - DEBUG - Finished onetime_setup in 183.35784149169922 seconds
2024-03-15 22:53:25,174 - FinalPipeline - test - DEBUG - Starting populate_db
2024-03-15 22:53:25,175 - FinalPipeline - test - DEBUG - Start DB population for test
2024-03-16 01:39:42,925 - FinalPipeline - test - DEBUG - Using configs {'General': {'run_name': 'test', 'PREFIX_DB': 'test_data/test_run'}, 'Plotting': {'tick_size': 15, 'label_size': 20, 'title_size': 30, 'fig_width': 20, 'font_size': 16}, 'Metadata': {'n_blocks': 2000}, 'Aggregate': {'tx_generic_cols': {'dist': ['transaction_type', 'receipt_status'], 'stats': ['transaction_index_relative', 'value', 'gas', 'gas_price']}}, 'Heuristics': {'nafill': 'mean', 'Deposit': {'receiver_average_blocks_per_tx_threshold': 20, 'top_percentage_receiver': 0.01, 'max_transfers_deposit': 5}}, 'Clustering': {'algorithms': ['gmm', 'xmeans'], 'nafills': ['mean', '-1'], 'preprocessings': ['non-UMAP', 'UMAP']}}
2024-03-16 01:39:42,925 - FinalPipeline - test - DEBUG - Starting populate_db
2024-03-16 01:39:42,925 - FinalPipeline - test - DEBUG - Start DB population for test
2024-03-16 01:41:00,953 - FinalPipeline - test - DEBUG - Using configs {'General': {'run_name': 'test', 'PREFIX_DB': 'test_data/test_run'}, 'Plotting': {'tick_size': 15, 'label_size': 20, 'title_size': 30, 'fig_width': 20, 'font_size': 16}, 'Metadata': {'n_blocks': 2000}, 'Aggregate': {'tx_generic_cols': {'dist': ['transaction_type', 'receipt_status'], 'stats': ['transaction_index_relative', 'value', 'gas', 'gas_price']}}, 'Heuristics': {'nafill': 'mean', 'Deposit': {'receiver_average_blocks_per_tx_threshold': 20, 'top_percentage_receiver': 0.01, 'max_transfers_deposit': 5}}, 'Clustering': {'algorithms': ['gmm', 'xmeans'], 'nafills': ['mean', '-1'], 'preprocessings': ['non-UMAP', 'UMAP']}}
2024-03-16 01:41:00,954 - FinalPipeline - test - DEBUG - Starting populate_db
2024-03-16 01:41:00,954 - FinalPipeline - test - DEBUG - Start DB population for test
2024-03-16 22:36:48,670 - FinalPipeline - test - DEBUG - Using configs {'General': {'run_name': 'test', 'PREFIX_DB': 'test_data/test_run'}, 'Plotting': {'tick_size': 15, 'label_size': 20, 'title_size': 30, 'fig_width': 20, 'font_size': 16}, 'Metadata': {'n_blocks': 2000}, 'Aggregate': {'tx_generic_cols': {'dist': ['transaction_type', 'receipt_status'], 'stats': ['transaction_index_relative', 'value', 'gas', 'gas_price']}}, 'Heuristics': {'nafill': 'mean', 'Deposit': {'receiver_average_blocks_per_tx_threshold': 20, 'top_percentage_receiver': 0.01, 'max_transfers_deposit': 5}}, 'Clustering': {'algorithms': ['gmm', 'xmeans'], 'nafills': ['mean', '-1'], 'preprocessings': ['non-UMAP', 'UMAP']}}
2024-03-16 22:36:48,671 - FinalPipeline - test - DEBUG - Starting populate_db
2024-03-16 22:36:48,671 - FinalPipeline - test - DEBUG - Start DB population for test
2024-03-24 17:09:16,822 - FinalPipeline - test - DEBUG - Using configs {'General': {'run_name': 'test', 'PREFIX_DB': 'E:/test_data'}, 'Plotting': {'tick_size': 15, 'label_size': 20, 'title_size': 30, 'fig_width': 20, 'font_size': 16}, 'Metadata': {'n_blocks': 2000}, 'Aggregate': {'tx_generic_cols': {'dist': ['transaction_type', 'receipt_status'], 'stats': ['transaction_index_relative', 'value', 'gas', 'gas_price']}}, 'Heuristics': {'nafill': 'mean', 'Deposit': {'receiver_average_blocks_per_tx_threshold': 20, 'top_percentage_receiver': 0.01, 'max_transfers_deposit': 5}}, 'Clustering': {'algorithms': ['gmm', 'xmeans'], 'nafills': ['mean', '-1'], 'preprocessings': ['non-UMAP', 'UMAP']}}
2024-03-24 17:09:16,823 - FinalPipeline - test - DEBUG - Starting onetime_setup
2024-03-24 17:12:11,518 - FinalPipeline - test - DEBUG - Finished onetime_setup in 174.6947169303894 seconds
2024-03-24 17:12:12,538 - FinalPipeline - test - DEBUG - Starting populate_db
2024-03-24 17:12:12,538 - FinalPipeline - test - DEBUG - Start DB population for test
2024-03-24 17:15:49,084 - FinalPipeline - test - DEBUG - Using configs {'General': {'run_name': 'test', 'PREFIX_DB': 'E:/test_data'}, 'Plotting': {'tick_size': 15, 'label_size': 20, 'title_size': 30, 'fig_width': 20, 'font_size': 16}, 'Metadata': {'n_blocks': 2000}, 'Aggregate': {'tx_generic_cols': {'dist': ['transaction_type', 'receipt_status'], 'stats': ['transaction_index_relative', 'value', 'gas', 'gas_price']}}, 'Heuristics': {'nafill': 'mean', 'Deposit': {'receiver_average_blocks_per_tx_threshold': 20, 'top_percentage_receiver': 0.01, 'max_transfers_deposit': 5}}, 'Clustering': {'algorithms': ['gmm', 'xmeans'], 'nafills': ['mean', '-1'], 'preprocessings': ['non-UMAP', 'UMAP']}}
2024-03-24 17:15:49,084 - FinalPipeline - test - DEBUG - Starting populate_db
2024-03-24 17:15:49,084 - FinalPipeline - test - DEBUG - Start DB population for test
2024-03-24 17:17:58,989 - FinalPipeline - test - DEBUG - Using configs {'General': {'run_name': 'test', 'PREFIX_DB': 'E:/test_data/test_run'}, 'Plotting': {'tick_size': 15, 'label_size': 20, 'title_size': 30, 'fig_width': 20, 'font_size': 16}, 'Metadata': {'n_blocks': 2000}, 'Aggregate': {'tx_generic_cols': {'dist': ['transaction_type', 'receipt_status'], 'stats': ['transaction_index_relative', 'value', 'gas', 'gas_price']}}, 'Heuristics': {'nafill': 'mean', 'Deposit': {'receiver_average_blocks_per_tx_threshold': 20, 'top_percentage_receiver': 0.01, 'max_transfers_deposit': 5}}, 'Clustering': {'algorithms': ['gmm', 'xmeans'], 'nafills': ['mean', '-1'], 'preprocessings': ['non-UMAP', 'UMAP']}}
2024-03-24 17:17:58,990 - FinalPipeline - test - DEBUG - Starting onetime_setup
2024-03-24 17:20:57,524 - FinalPipeline - test - DEBUG - Finished onetime_setup in 178.53426051139832 seconds
2024-03-24 17:20:58,540 - FinalPipeline - test - DEBUG - Starting populate_db
2024-03-24 17:20:58,540 - FinalPipeline - test - DEBUG - Start DB population for test
2024-03-24 17:24:38,597 - FinalPipeline - test - DEBUG - Finished populate_db in 220.0568745136261 seconds
2024-03-24 17:24:38,598 - FinalPipeline - test - DEBUG - Starting ETL
2024-03-24 17:24:38,598 - FinalPipeline - test - DEBUG - Start ETL for test
2024-03-24 17:31:41,115 - FinalPipeline - test - DEBUG - Finished ETL for test
2024-03-24 17:31:41,115 - FinalPipeline - test - DEBUG - Finished ETL in 422.5173668861389 seconds
2024-03-24 17:31:41,115 - FinalPipeline - test - DEBUG - Starting run_experiments
2024-03-24 17:37:15,404 - FinalPipeline - test - DEBUG - Using configs {'General': {'run_name': 'test', 'PREFIX_DB': 'E:/test_data/test_run'}, 'Plotting': {'tick_size': 15, 'label_size': 20, 'title_size': 30, 'fig_width': 20, 'font_size': 16}, 'Metadata': {'n_blocks': 2000}, 'Aggregate': {'tx_generic_cols': {'dist': ['transaction_type', 'receipt_status'], 'stats': ['transaction_index_relative', 'value', 'gas', 'gas_price']}}, 'Heuristics': {'nafill': 'mean', 'Deposit': {'receiver_average_blocks_per_tx_threshold': 20, 'top_percentage_receiver': 0.01, 'max_transfers_deposit': 5}}, 'Clustering': {'algorithms': ['gmm', 'xmeans'], 'nafills': ['mean', '-1'], 'preprocessings': ['non-UMAP', 'UMAP']}}
2024-03-24 17:37:15,405 - FinalPipeline - test - DEBUG - Starting run_experiments
2024-03-24 17:39:49,508 - FinalPipeline - test - DEBUG - Using configs {'General': {'run_name': 'test', 'PREFIX_DB': 'E:/test_data/test_run'}, 'Plotting': {'tick_size': 15, 'label_size': 20, 'title_size': 30, 'fig_width': 20, 'font_size': 16}, 'Metadata': {'n_blocks': 2000}, 'Aggregate': {'tx_generic_cols': {'dist': ['transaction_type', 'receipt_status'], 'stats': ['transaction_index_relative', 'value', 'gas', 'gas_price']}}, 'Heuristics': {'nafill': 'mean', 'Deposit': {'receiver_average_blocks_per_tx_threshold': 20, 'top_percentage_receiver': 0.01, 'max_transfers_deposit': 5}}, 'Clustering': {'algorithms': ['gmm', 'xmeans'], 'nafills': ['mean', '-1'], 'preprocessings': ['non-UMAP', 'UMAP']}}
2024-03-24 17:39:49,509 - FinalPipeline - test - DEBUG - Starting onetime_setup
2024-03-24 17:43:04,906 - FinalPipeline - test - DEBUG - Finished onetime_setup in 195.39670276641846 seconds
2024-03-24 17:43:05,924 - FinalPipeline - test - DEBUG - Starting populate_db
2024-03-24 17:43:05,924 - FinalPipeline - test - DEBUG - Start DB population for test
2024-03-24 18:08:59,462 - FinalPipeline - test - DEBUG - Finished populate_db in 1553.537620306015 seconds
2024-03-24 18:08:59,463 - FinalPipeline - test - DEBUG - Starting ETL
2024-03-24 18:08:59,463 - FinalPipeline - test - DEBUG - Start ETL for test
2024-03-24 18:26:56,530 - FinalPipeline - test - DEBUG - Finished ETL for test
2024-03-24 18:26:56,530 - FinalPipeline - test - DEBUG - Finished ETL in 1077.0676982402802 seconds
2024-03-24 18:26:56,530 - FinalPipeline - test - DEBUG - Starting run_experiments
2024-03-24 18:37:47,344 - FinalPipeline - test - DEBUG - Using configs {'General': {'run_name': 'test', 'PREFIX_DB': 'E:/test_data/test_run'}, 'Plotting': {'tick_size': 15, 'label_size': 20, 'title_size': 30, 'fig_width': 20, 'font_size': 16}, 'Metadata': {'n_blocks': 2000}, 'Aggregate': {'tx_generic_cols': {'dist': ['transaction_type', 'receipt_status'], 'stats': ['transaction_index_relative', 'value', 'gas', 'gas_price']}}, 'Heuristics': {'nafill': 'mean', 'Deposit': {'receiver_average_blocks_per_tx_threshold': 20, 'top_percentage_receiver': 0.01, 'max_transfers_deposit': 5}}, 'Clustering': {'algorithms': ['gmm', 'xmeans'], 'nafills': ['mean', '-1'], 'preprocessings': ['non-UMAP', 'UMAP']}}
2024-03-24 18:37:47,344 - FinalPipeline - test - DEBUG - Starting run_experiments
2024-03-24 18:39:25,773 - FinalPipeline - test - DEBUG - Using configs {'General': {'run_name': 'test', 'PREFIX_DB': 'E:/test_data/test_run'}, 'Plotting': {'tick_size': 15, 'label_size': 20, 'title_size': 30, 'fig_width': 20, 'font_size': 16}, 'Metadata': {'n_blocks': 2000}, 'Aggregate': {'tx_generic_cols': {'dist': ['transaction_type', 'receipt_status'], 'stats': ['transaction_index_relative', 'value', 'gas', 'gas_price']}}, 'Heuristics': {'nafill': 'mean', 'Deposit': {'receiver_average_blocks_per_tx_threshold': 20, 'top_percentage_receiver': 0.01, 'max_transfers_deposit': 5}}, 'Clustering': {'algorithms': ['gmm', 'xmeans'], 'nafills': ['mean', '-1'], 'preprocessings': ['non-UMAP', 'UMAP']}}
2024-03-24 18:39:25,773 - FinalPipeline - test - DEBUG - Starting run_experiments
2024-03-24 18:48:59,203 - FinalPipeline - test - DEBUG - Using configs {'General': {'run_name': 'test', 'PREFIX_DB': 'E:/test_data/test_run'}, 'Plotting': {'tick_size': 15, 'label_size': 20, 'title_size': 30, 'fig_width': 20, 'font_size': 16}, 'Metadata': {'n_blocks': 2000}, 'Aggregate': {'tx_generic_cols': {'dist': ['transaction_type', 'receipt_status'], 'stats': ['transaction_index_relative', 'value', 'gas', 'gas_price']}}, 'Heuristics': {'nafill': 'mean', 'Deposit': {'receiver_average_blocks_per_tx_threshold': 20, 'top_percentage_receiver': 0.01, 'max_transfers_deposit': 5}}, 'Clustering': {'algorithms': ['gmm', 'xmeans'], 'nafills': ['mean', '-1'], 'preprocessings': ['non-UMAP', 'UMAP']}}
2024-03-24 18:48:59,204 - FinalPipeline - test - DEBUG - Starting run_experiments
2024-03-24 19:19:20,141 - FinalPipeline - test - DEBUG - Using configs {'General': {'run_name': 'test', 'PREFIX_DB': 'E:/test_data/test_run'}, 'Plotting': {'tick_size': 15, 'label_size': 20, 'title_size': 30, 'fig_width': 20, 'font_size': 16}, 'Metadata': {'n_blocks': 2000}, 'Aggregate': {'tx_generic_cols': {'dist': ['transaction_type', 'receipt_status'], 'stats': ['transaction_index_relative', 'value', 'gas', 'gas_price']}}, 'Heuristics': {'nafill': 'mean', 'Deposit': {'receiver_average_blocks_per_tx_threshold': 20, 'top_percentage_receiver': 0.01, 'max_transfers_deposit': 5}}, 'Clustering': {'algorithms': ['gmm', 'kmeans'], 'nafills': ['mean', '-1'], 'preprocessings': ['non-UMAP', 'UMAP']}}
2024-03-24 19:19:20,141 - FinalPipeline - test - DEBUG - Starting run_experiments
2024-03-24 19:37:20,287 - FinalPipeline - test - DEBUG - Using configs {'General': {'run_name': 'test', 'PREFIX_DB': 'E:/test_data/test_run'}, 'Plotting': {'tick_size': 15, 'label_size': 20, 'title_size': 30, 'fig_width': 20, 'font_size': 16}, 'Metadata': {'n_blocks': 2000}, 'Aggregate': {'tx_generic_cols': {'dist': ['transaction_type', 'receipt_status'], 'stats': ['transaction_index_relative', 'value', 'gas', 'gas_price']}}, 'Heuristics': {'nafill': 'mean', 'Deposit': {'receiver_average_blocks_per_tx_threshold': 20, 'top_percentage_receiver': 0.01, 'max_transfers_deposit': 5}}, 'Clustering': {'algorithms': ['gmm', 'kmeans'], 'nafills': ['mean', '-1'], 'preprocessings': ['non-UMAP', 'UMAP']}}
2024-03-24 19:37:20,288 - FinalPipeline - test - DEBUG - Starting run_experiments
2024-03-24 22:46:22,021 - FinalPipeline - test - DEBUG - Using configs {'General': {'run_name': 'test', 'PREFIX_DB': 'E:/test_data/test_run'}, 'Plotting': {'tick_size': 15, 'label_size': 20, 'title_size': 30, 'fig_width': 20, 'font_size': 16}, 'Metadata': {'n_blocks': 2000}, 'Aggregate': {'tx_generic_cols': {'dist': ['transaction_type', 'receipt_status'], 'stats': ['transaction_index_relative', 'value', 'gas', 'gas_price']}}, 'Heuristics': {'nafill': 'mean', 'Deposit': {'receiver_average_blocks_per_tx_threshold': 20, 'top_percentage_receiver': 0.01, 'max_transfers_deposit': 5}}, 'Clustering': {'algorithms': ['gmm', 'kmeans'], 'nafills': ['mean', '-1'], 'preprocessings': ['non-UMAP', 'UMAP']}}
2024-03-24 22:46:22,021 - FinalPipeline - test - DEBUG - Starting run_experiments
2024-03-24 23:19:32,963 - FinalPipeline - test - DEBUG - Using configs {'General': {'run_name': 'test', 'PREFIX_DB': 'E:/test_data/test_run'}, 'Plotting': {'tick_size': 15, 'label_size': 20, 'title_size': 30, 'fig_width': 20, 'font_size': 16}, 'Metadata': {'n_blocks': 2000}, 'Aggregate': {'tx_generic_cols': {'dist': ['transaction_type', 'receipt_status'], 'stats': ['transaction_index_relative', 'value', 'gas', 'gas_price']}}, 'Heuristics': {'nafill': 'mean', 'Deposit': {'receiver_average_blocks_per_tx_threshold': 20, 'top_percentage_receiver': 0.01, 'max_transfers_deposit': 5}}, 'Clustering': {'algorithms': ['gmm', 'kmeans'], 'nafills': ['mean', '-1'], 'preprocessings': ['non-UMAP', 'UMAP']}}
2024-03-24 23:19:32,963 - FinalPipeline - test - DEBUG - Starting run_experiments
2024-03-24 23:24:07,558 - FinalPipeline - test - DEBUG - Using configs {'General': {'run_name': 'test', 'PREFIX_DB': 'E:/test_data/test_run'}, 'Plotting': {'tick_size': 15, 'label_size': 20, 'title_size': 30, 'fig_width': 20, 'font_size': 16}, 'Metadata': {'n_blocks': 2000}, 'Aggregate': {'tx_generic_cols': {'dist': ['transaction_type', 'receipt_status'], 'stats': ['transaction_index_relative', 'value', 'gas', 'gas_price']}}, 'Heuristics': {'nafill': 'mean', 'Deposit': {'receiver_average_blocks_per_tx_threshold': 20, 'top_percentage_receiver': 0.01, 'max_transfers_deposit': 5}}, 'Clustering': {'algorithms': ['gmm', 'kmeans'], 'nafills': ['mean', '-1'], 'preprocessings': ['non-UMAP', 'UMAP']}}
2024-03-24 23:24:07,559 - FinalPipeline - test - DEBUG - Starting run_experiments
2024-03-24 23:25:43,510 - FinalPipeline - test - DEBUG - Using configs {'General': {'run_name': 'test', 'PREFIX_DB': 'E:/test_data/test_run'}, 'Plotting': {'tick_size': 15, 'label_size': 20, 'title_size': 30, 'fig_width': 20, 'font_size': 16}, 'Metadata': {'n_blocks': 2000}, 'Aggregate': {'tx_generic_cols': {'dist': ['transaction_type', 'receipt_status'], 'stats': ['transaction_index_relative', 'value', 'gas', 'gas_price']}}, 'Heuristics': {'nafill': 'mean', 'Deposit': {'receiver_average_blocks_per_tx_threshold': 20, 'top_percentage_receiver': 0.01, 'max_transfers_deposit': 5}}, 'Clustering': {'algorithms': ['gmm', 'kmeans'], 'nafills': ['mean', '-1'], 'preprocessings': ['non-UMAP', 'UMAP']}}
2024-03-24 23:25:43,510 - FinalPipeline - test - DEBUG - Starting run_experiments
2024-03-24 23:32:21,366 - FinalPipeline - test - DEBUG - Using configs {'General': {'run_name': 'test', 'PREFIX_DB': 'E:/test_data/test_run', 'master_thesis': True}, 'Plotting': {'tick_size': 15, 'label_size': 20, 'title_size': 30, 'fig_width': 20, 'font_size': 16}, 'Metadata': {'n_blocks': 2000}, 'Aggregate': {'tx_generic_cols': {'dist': ['transaction_type', 'receipt_status'], 'stats': ['transaction_index_relative', 'value', 'gas', 'gas_price']}}, 'Heuristics': {'nafill': 'mean', 'Deposit': {'receiver_average_blocks_per_tx_threshold': 20, 'top_percentage_receiver': 0.01, 'max_transfers_deposit': 5}}, 'Clustering': {'algorithms': ['gmm', 'kmeans'], 'nafills': ['mean', '-1'], 'preprocessings': ['non-UMAP', 'UMAP']}}
2024-03-24 23:32:21,367 - FinalPipeline - test - DEBUG - Starting run_experiments
2024-03-24 23:33:06,060 - FinalPipeline - test - DEBUG - Finished run_experiments in 44.694199085235596 seconds
