2024-03-14 01:24:15,499 - PipelineComponent - test - DEBUG - Using configs {'General': {'run_name': 'test', 'PREFIX_DB': 'test_data'}, 'Plotting': {'tick_size': 15, 'label_size': 20, 'title_size': 30, 'fig_width': 20, 'font_size': 16}, 'Metadata': {'n_blocks': 2000}, 'Aggregate': {'tx_generic_cols': {'dist': ['transaction_type', 'receipt_status'], 'stats': ['transaction_index_relative', 'value', 'gas', 'gas_price']}}, 'Heuristics': {'nafill': 'mean', 'Deposit': {'receiver_average_blocks_per_tx_threshold': 20, 'top_percentage_receiver': 0.01, 'max_transfers_deposit': 5}}, 'Clustering': {'algorithms': ['gmm', 'xmeans'], 'nafills': ['mean', '-1'], 'preprocessings': ['non-UMAP', 'UMAP']}}
2024-03-14 01:24:15,996 - PipelineComponent - test - INFO - PostgreSQL database 'test' created successfully.
2024-03-14 01:24:16,092 - PipelineComponent - test - INFO - Database deleted successfully.
2024-03-15 22:53:43,308 - PipelineComponent - test - DEBUG - Using configs {'General': {'run_name': 'test', 'PREFIX_DB': 'test_data/test_run'}, 'Plotting': {'tick_size': 15, 'label_size': 20, 'title_size': 30, 'fig_width': 20, 'font_size': 16}, 'Metadata': {'n_blocks': 2000}, 'Aggregate': {'tx_generic_cols': {'dist': ['transaction_type', 'receipt_status'], 'stats': ['transaction_index_relative', 'value', 'gas', 'gas_price']}}, 'Heuristics': {'nafill': 'mean', 'Deposit': {'receiver_average_blocks_per_tx_threshold': 20, 'top_percentage_receiver': 0.01, 'max_transfers_deposit': 5}}, 'Clustering': {'algorithms': ['gmm', 'xmeans'], 'nafills': ['mean', '-1'], 'preprocessings': ['non-UMAP', 'UMAP']}}
2024-03-15 22:53:43,395 - PipelineComponent - test - INFO - PostgreSQL database 'test' already exists.
2024-03-15 22:53:43,549 - PipelineComponent - test - INFO - Database deleted successfully.
2024-03-16 01:39:59,506 - PipelineComponent - test - DEBUG - Using configs {'General': {'run_name': 'test', 'PREFIX_DB': 'test_data/test_run'}, 'Plotting': {'tick_size': 15, 'label_size': 20, 'title_size': 30, 'fig_width': 20, 'font_size': 16}, 'Metadata': {'n_blocks': 2000}, 'Aggregate': {'tx_generic_cols': {'dist': ['transaction_type', 'receipt_status'], 'stats': ['transaction_index_relative', 'value', 'gas', 'gas_price']}}, 'Heuristics': {'nafill': 'mean', 'Deposit': {'receiver_average_blocks_per_tx_threshold': 20, 'top_percentage_receiver': 0.01, 'max_transfers_deposit': 5}}, 'Clustering': {'algorithms': ['gmm', 'xmeans'], 'nafills': ['mean', '-1'], 'preprocessings': ['non-UMAP', 'UMAP']}}
2024-03-16 01:39:59,547 - PipelineComponent - test - INFO - PostgreSQL database 'test' already exists.
2024-03-16 01:39:59,631 - PipelineComponent - test - INFO - Database deleted successfully.
2024-03-16 01:41:19,083 - PipelineComponent - test - DEBUG - Using configs {'General': {'run_name': 'test', 'PREFIX_DB': 'test_data/test_run'}, 'Plotting': {'tick_size': 15, 'label_size': 20, 'title_size': 30, 'fig_width': 20, 'font_size': 16}, 'Metadata': {'n_blocks': 2000}, 'Aggregate': {'tx_generic_cols': {'dist': ['transaction_type', 'receipt_status'], 'stats': ['transaction_index_relative', 'value', 'gas', 'gas_price']}}, 'Heuristics': {'nafill': 'mean', 'Deposit': {'receiver_average_blocks_per_tx_threshold': 20, 'top_percentage_receiver': 0.01, 'max_transfers_deposit': 5}}, 'Clustering': {'algorithms': ['gmm', 'xmeans'], 'nafills': ['mean', '-1'], 'preprocessings': ['non-UMAP', 'UMAP']}}
2024-03-16 01:41:19,128 - PipelineComponent - test - INFO - PostgreSQL database 'test' already exists.
2024-03-16 01:41:19,223 - PipelineComponent - test - INFO - Database deleted successfully.
2024-03-16 22:37:19,389 - PipelineComponent - test - DEBUG - Using configs {'General': {'run_name': 'test', 'PREFIX_DB': 'test_data/test_run'}, 'Plotting': {'tick_size': 15, 'label_size': 20, 'title_size': 30, 'fig_width': 20, 'font_size': 16}, 'Metadata': {'n_blocks': 2000}, 'Aggregate': {'tx_generic_cols': {'dist': ['transaction_type', 'receipt_status'], 'stats': ['transaction_index_relative', 'value', 'gas', 'gas_price']}}, 'Heuristics': {'nafill': 'mean', 'Deposit': {'receiver_average_blocks_per_tx_threshold': 20, 'top_percentage_receiver': 0.01, 'max_transfers_deposit': 5}}, 'Clustering': {'algorithms': ['gmm', 'xmeans'], 'nafills': ['mean', '-1'], 'preprocessings': ['non-UMAP', 'UMAP']}}
2024-03-16 22:37:19,505 - PipelineComponent - test - INFO - PostgreSQL database 'test' already exists.
2024-03-16 22:37:19,693 - PipelineComponent - test - INFO - Database deleted successfully.
2024-03-24 17:12:13,564 - PipelineComponent - test - DEBUG - Using configs {'General': {'run_name': 'test', 'PREFIX_DB': 'E:/test_data'}, 'Plotting': {'tick_size': 15, 'label_size': 20, 'title_size': 30, 'fig_width': 20, 'font_size': 16}, 'Metadata': {'n_blocks': 2000}, 'Aggregate': {'tx_generic_cols': {'dist': ['transaction_type', 'receipt_status'], 'stats': ['transaction_index_relative', 'value', 'gas', 'gas_price']}}, 'Heuristics': {'nafill': 'mean', 'Deposit': {'receiver_average_blocks_per_tx_threshold': 20, 'top_percentage_receiver': 0.01, 'max_transfers_deposit': 5}}, 'Clustering': {'algorithms': ['gmm', 'xmeans'], 'nafills': ['mean', '-1'], 'preprocessings': ['non-UMAP', 'UMAP']}}
2024-03-24 17:12:13,621 - PipelineComponent - test - INFO - PostgreSQL database 'test' already exists.
2024-03-24 17:12:13,851 - PipelineComponent - test - INFO - Database deleted successfully.
2024-03-24 17:15:55,357 - PipelineComponent - test - DEBUG - Using configs {'General': {'run_name': 'test', 'PREFIX_DB': 'E:/test_data'}, 'Plotting': {'tick_size': 15, 'label_size': 20, 'title_size': 30, 'fig_width': 20, 'font_size': 16}, 'Metadata': {'n_blocks': 2000}, 'Aggregate': {'tx_generic_cols': {'dist': ['transaction_type', 'receipt_status'], 'stats': ['transaction_index_relative', 'value', 'gas', 'gas_price']}}, 'Heuristics': {'nafill': 'mean', 'Deposit': {'receiver_average_blocks_per_tx_threshold': 20, 'top_percentage_receiver': 0.01, 'max_transfers_deposit': 5}}, 'Clustering': {'algorithms': ['gmm', 'xmeans'], 'nafills': ['mean', '-1'], 'preprocessings': ['non-UMAP', 'UMAP']}}
2024-03-24 17:15:55,398 - PipelineComponent - test - INFO - PostgreSQL database 'test' already exists.
2024-03-24 17:15:55,540 - PipelineComponent - test - INFO - Database deleted successfully.
2024-03-24 17:21:13,994 - PipelineComponent - test - DEBUG - Using configs {'General': {'run_name': 'test', 'PREFIX_DB': 'E:/test_data/test_run'}, 'Plotting': {'tick_size': 15, 'label_size': 20, 'title_size': 30, 'fig_width': 20, 'font_size': 16}, 'Metadata': {'n_blocks': 2000}, 'Aggregate': {'tx_generic_cols': {'dist': ['transaction_type', 'receipt_status'], 'stats': ['transaction_index_relative', 'value', 'gas', 'gas_price']}}, 'Heuristics': {'nafill': 'mean', 'Deposit': {'receiver_average_blocks_per_tx_threshold': 20, 'top_percentage_receiver': 0.01, 'max_transfers_deposit': 5}}, 'Clustering': {'algorithms': ['gmm', 'xmeans'], 'nafills': ['mean', '-1'], 'preprocessings': ['non-UMAP', 'UMAP']}}
2024-03-24 17:21:14,031 - PipelineComponent - test - INFO - PostgreSQL database 'test' already exists.
2024-03-24 17:21:14,257 - PipelineComponent - test - INFO - Database deleted successfully.
2024-03-24 17:43:22,291 - PipelineComponent - test - DEBUG - Using configs {'General': {'run_name': 'test', 'PREFIX_DB': 'E:/test_data/test_run'}, 'Plotting': {'tick_size': 15, 'label_size': 20, 'title_size': 30, 'fig_width': 20, 'font_size': 16}, 'Metadata': {'n_blocks': 2000}, 'Aggregate': {'tx_generic_cols': {'dist': ['transaction_type', 'receipt_status'], 'stats': ['transaction_index_relative', 'value', 'gas', 'gas_price']}}, 'Heuristics': {'nafill': 'mean', 'Deposit': {'receiver_average_blocks_per_tx_threshold': 20, 'top_percentage_receiver': 0.01, 'max_transfers_deposit': 5}}, 'Clustering': {'algorithms': ['gmm', 'xmeans'], 'nafills': ['mean', '-1'], 'preprocessings': ['non-UMAP', 'UMAP']}}
2024-03-24 17:43:22,343 - PipelineComponent - test - INFO - PostgreSQL database 'test' already exists.
2024-03-24 17:43:22,673 - PipelineComponent - test - INFO - Database deleted successfully.
